<?xml version="1.0" encoding="UTF-8"?>
<!-- Generated by org.testng.reporters.JUnitReportReporter -->
<testsuite hostname="DESKTOP-QOFKB9B" failures="0" tests="1" name="PackageTwo.BatchRunTwoTest" time="0.009" errors="0" timestamp="2023-12-15T23:24:59 IST" skipped="0">
  <testcase classname="PackageTwo.BatchRunTwoTest" name="pushBatchRunTwoTest" time="0.009"/>
</testsuite> <!-- PackageTwo.BatchRunTwoTest -->
